<?xml version="1.0" encoding="UTF-8"?>
<testng-results total="1" passed="1" failed="0" skipped="0">
  <reporter-output>
    <line>
      <![CDATA[India]]>
    </line>
    <line>
      <![CDATA[December 17, 2021 (United States)]]>
    </line>
    <line>
      <![CDATA[India]]>
    </line>
    <line>
      <![CDATA[17 December 2021]]>
    </line>
    <line>
      <![CDATA[The country Name in both Wikipedia and Imdb is same]]>
    </line>
  </reporter-output>
  <suite started-at="2022-11-19T13:36:01Z" name="Default suite" finished-at="2022-11-19T13:36:53Z" duration-ms="51318">
    <groups>
    </groups>
    <test started-at="2022-11-19T13:36:01Z" name="Default test" finished-at="2022-11-19T13:36:53Z" duration-ms="51318">
      <class name="com.Fork.Assessment.Validate_Assessment">
        <test-method is-config="true" signature="suiteSetup()[pri:0, instance:com.Fork.Assessment.Validate_Assessment@2421cc4]" started-at="2022-11-19T19:06:01Z" name="suiteSetup" finished-at="2022-11-19T19:06:13Z" duration-ms="11544" status="PASS">
          <reporter-output>
          </reporter-output>
        </test-method> <!-- suiteSetup -->
        <test-method is-config="true" signature="loginTest()[pri:0, instance:com.Fork.Assessment.Validate_Assessment@2421cc4]" started-at="2022-11-19T19:06:13Z" name="loginTest" finished-at="2022-11-19T19:06:25Z" duration-ms="12161" status="PASS">
          <reporter-output>
          </reporter-output>
        </test-method> <!-- loginTest -->
        <test-method signature="assessmentTest()[pri:0, instance:com.Fork.Assessment.Validate_Assessment@2421cc4]" started-at="2022-11-19T19:06:25Z" name="assessmentTest" finished-at="2022-11-19T19:06:52Z" duration-ms="26608" status="PASS">
          <reporter-output>
            <line>
              <![CDATA[India]]>
            </line>
            <line>
              <![CDATA[December 17, 2021 (United States)]]>
            </line>
            <line>
              <![CDATA[India]]>
            </line>
            <line>
              <![CDATA[17 December 2021]]>
            </line>
            <line>
              <![CDATA[The country Name in both Wikipedia and Imdb is same]]>
            </line>
          </reporter-output>
        </test-method> <!-- assessmentTest -->
        <test-method is-config="true" signature="LogoutTest()[pri:0, instance:com.Fork.Assessment.Validate_Assessment@2421cc4]" started-at="2022-11-19T19:06:52Z" name="LogoutTest" finished-at="2022-11-19T19:06:52Z" duration-ms="0" status="PASS">
          <reporter-output>
          </reporter-output>
        </test-method> <!-- LogoutTest -->
        <test-method is-config="true" signature="closeBrowser()[pri:0, instance:com.Fork.Assessment.Validate_Assessment@2421cc4]" started-at="2022-11-19T19:06:52Z" name="closeBrowser" finished-at="2022-11-19T19:06:53Z" duration-ms="929" status="PASS">
          <reporter-output>
          </reporter-output>
        </test-method> <!-- closeBrowser -->
      </class> <!-- com.Fork.Assessment.Validate_Assessment -->
    </test> <!-- Default test -->
  </suite> <!-- Default suite -->
</testng-results>
